# JRE version: OpenJDK Runtime Environment (22.0.2+9) (build 22.0.2+9-70)
# Java VM: OpenJDK 64-Bit Server VM (22.0.2+9-70, mixed mode, sharing, tiered, compressed oops, compressed class ptrs, g1 gc, windows-amd64)
GC Precious Log:
 CardTable entry size: 512
 Card Set container configuration: InlinePtr #cards 5 size 8 Array Of Cards #cards 12 size 40 Howl #buckets 4 coarsen threshold 1843 Howl Bitmap #cards 512 size 80 coarsen threshold 460 Card regions per heap region 1 cards per card region 2048
 CPUs: 4 total, 4 available
 Memory: 7926M
 Large Page Support: Disabled
 NUMA Support: Disabled
 Compressed Oops: Enabled (32-bit)
 Heap Region Size: 1M
 Heap Min Capacity: 8M
 Heap Initial Capacity: 124M
 Heap Max Capacity: 1982M
 Pre-touch: Disabled
 Parallel Workers: 4
 Concurrent Workers: 1
 Concurrent Refinement Workers: 4
 Periodic GC: Disabled
Heap:
 garbage-first heap   total reserved 2029568K, committed 50176K, used 29007K [0x0000000084200000, 0x0000000100000000)
  region size 1024K, 2 young (2048K), 1 survivors (1024K)
 Metaspace       used 68978K, committed 69760K, reserved 1114112K
  class space    used 9316K, committed 9664K, reserved 1048576K
GC Heap History (20 events):
Event: 14.724 GC heap before
{Heap before GC invocations=10 (full 0):
 garbage-first heap   total reserved 2029568K, committed 45056K, used 37948K [0x0000000084200000, 0x0000000100000000)
  region size 1024K, 21 young (21504K), 2 survivors (2048K)
 Metaspace       used 39956K, committed 40576K, reserved 1114112K
  class space    used 5216K, committed 5504K, reserved 1048576K
}
Event: 14.730 GC heap after
{Heap after GC invocations=11 (full 0):
 garbage-first heap   total reserved 2029568K, committed 45056K, used 20050K [0x0000000084200000, 0x0000000100000000)
  region size 1024K, 3 young (3072K), 3 survivors (3072K)
 Metaspace       used 39956K, committed 40576K, reserved 1114112K
  class space    used 5216K, committed 5504K, reserved 1048576K
}
Event: 16.097 GC heap before
{Heap before GC invocations=11 (full 0):
 garbage-first heap   total reserved 2029568K, committed 45056K, used 36434K [0x0000000084200000, 0x0000000100000000)
  region size 1024K, 20 young (20480K), 3 survivors (3072K)
 Metaspace       used 46729K, committed 47232K, reserved 1114112K
  class space    used 6064K, committed 6272K, reserved 1048576K
}
Event: 16.105 GC heap after
{Heap after GC invocations=12 (full 0):
 garbage-first heap   total reserved 2029568K, committed 45056K, used 20884K [0x0000000084200000, 0x0000000100000000)
  region size 1024K, 3 young (3072K), 3 survivors (3072K)
 Metaspace       used 46729K, committed 47232K, reserved 1114112K
  class space    used 6064K, committed 6272K, reserved 1048576K
}
Event: 17.052 GC heap before
{Heap before GC invocations=12 (full 0):
 garbage-first heap   total reserved 2029568K, committed 45056K, used 37268K [0x0000000084200000, 0x0000000100000000)
  region size 1024K, 20 young (20480K), 3 survivors (3072K)
 Metaspace       used 50053K, committed 50624K, reserved 1114112K
  class space    used 6478K, committed 6720K, reserved 1048576K
}
Event: 17.058 GC heap after
{Heap after GC invocations=13 (full 0):
 garbage-first heap   total reserved 2029568K, committed 45056K, used 22230K [0x0000000084200000, 0x0000000100000000)
  region size 1024K, 3 young (3072K), 3 survivors (3072K)
 Metaspace       used 50053K, committed 50624K, reserved 1114112K
  class space    used 6478K, committed 6720K, reserved 1048576K
}
Event: 18.139 GC heap before
{Heap before GC invocations=13 (full 0):
 garbage-first heap   total reserved 2029568K, committed 45056K, used 36566K [0x0000000084200000, 0x0000000100000000)
  region size 1024K, 18 young (18432K), 3 survivors (3072K)
 Metaspace       used 54887K, committed 55424K, reserved 1114112K
  class space    used 7245K, committed 7488K, reserved 1048576K
}
Event: 18.146 GC heap after
{Heap after GC invocations=14 (full 0):
 garbage-first heap   total reserved 2029568K, committed 45056K, used 23018K [0x0000000084200000, 0x0000000100000000)
  region size 1024K, 2 young (2048K), 2 survivors (2048K)
 Metaspace       used 54887K, committed 55424K, reserved 1114112K
  class space    used 7245K, committed 7488K, reserved 1048576K
}
Event: 19.070 GC heap before
{Heap before GC invocations=15 (full 0):
 garbage-first heap   total reserved 2029568K, committed 45056K, used 38378K [0x0000000084200000, 0x0000000100000000)
  region size 1024K, 18 young (18432K), 2 survivors (2048K)
 Metaspace       used 58224K, committed 58816K, reserved 1114112K
  class space    used 7833K, committed 8064K, reserved 1048576K
}
Event: 19.074 GC heap after
{Heap after GC invocations=16 (full 0):
 garbage-first heap   total reserved 2029568K, committed 45056K, used 23443K [0x0000000084200000, 0x0000000100000000)
  region size 1024K, 2 young (2048K), 2 survivors (2048K)
 Metaspace       used 58224K, committed 58816K, reserved 1114112K
  class space    used 7833K, committed 8064K, reserved 1048576K
}
Event: 19.885 GC heap before
{Heap before GC invocations=16 (full 0):
 garbage-first heap   total reserved 2029568K, committed 45056K, used 38803K [0x0000000084200000, 0x0000000100000000)
  region size 1024K, 17 young (17408K), 2 survivors (2048K)
 Metaspace       used 61327K, committed 61952K, reserved 1114112K
  class space    used 8191K, committed 8448K, reserved 1048576K
}
Event: 19.892 GC heap after
{Heap after GC invocations=17 (full 0):
 garbage-first heap   total reserved 2029568K, committed 45056K, used 24569K [0x0000000084200000, 0x0000000100000000)
  region size 1024K, 3 young (3072K), 3 survivors (3072K)
 Metaspace       used 61327K, committed 61952K, reserved 1114112K
  class space    used 8191K, committed 8448K, reserved 1048576K
}
Event: 20.629 GC heap before
{Heap before GC invocations=17 (full 0):
 garbage-first heap   total reserved 2029568K, committed 45056K, used 37881K [0x0000000084200000, 0x0000000100000000)
  region size 1024K, 16 young (16384K), 3 survivors (3072K)
 Metaspace       used 63566K, committed 64256K, reserved 1114112K
  class space    used 8562K, committed 8896K, reserved 1048576K
}
Event: 20.636 GC heap after
{Heap after GC invocations=18 (full 0):
 garbage-first heap   total reserved 2029568K, committed 45056K, used 25992K [0x0000000084200000, 0x0000000100000000)
  region size 1024K, 2 young (2048K), 2 survivors (2048K)
 Metaspace       used 63566K, committed 64256K, reserved 1114112K
  class space    used 8562K, committed 8896K, reserved 1048576K
}
Event: 21.415 GC heap before
{Heap before GC invocations=19 (full 0):
 garbage-first heap   total reserved 2029568K, committed 45056K, used 38280K [0x0000000084200000, 0x0000000100000000)
  region size 1024K, 15 young (15360K), 2 survivors (2048K)
 Metaspace       used 64837K, committed 65536K, reserved 1114112K
  class space    used 8766K, committed 9088K, reserved 1048576K
}
Event: 21.421 GC heap after
{Heap after GC invocations=20 (full 0):
 garbage-first heap   total reserved 2029568K, committed 45056K, used 27480K [0x0000000084200000, 0x0000000100000000)
  region size 1024K, 2 young (2048K), 2 survivors (2048K)
 Metaspace       used 64837K, committed 65536K, reserved 1114112K
  class space    used 8766K, committed 9088K, reserved 1048576K
}
Event: 27.107 GC heap before
{Heap before GC invocations=20 (full 0):
 garbage-first heap   total reserved 2029568K, committed 45056K, used 38744K [0x0000000084200000, 0x0000000100000000)
  region size 1024K, 13 young (13312K), 2 survivors (2048K)
 Metaspace       used 66389K, committed 67072K, reserved 1114112K
  class space    used 8970K, committed 9280K, reserved 1048576K
}
Event: 27.115 GC heap after
{Heap after GC invocations=21 (full 0):
 garbage-first heap   total reserved 2029568K, committed 45056K, used 28321K [0x0000000084200000, 0x0000000100000000)
  region size 1024K, 2 young (2048K), 2 survivors (2048K)
 Metaspace       used 66389K, committed 67072K, reserved 1114112K
  class space    used 8970K, committed 9280K, reserved 1048576K
}
Event: 27.731 GC heap before
{Heap before GC invocations=21 (full 0):
 garbage-first heap   total reserved 2029568K, committed 45056K, used 37537K [0x0000000084200000, 0x0000000100000000)
  region size 1024K, 12 young (12288K), 2 survivors (2048K)
 Metaspace       used 68959K, committed 69696K, reserved 1114112K
  class space    used 9313K, committed 9664K, reserved 1048576K
}
Event: 27.736 GC heap after
{Heap after GC invocations=22 (full 0):
 garbage-first heap   total reserved 2029568K, committed 45056K, used 29007K [0x0000000084200000, 0x0000000100000000)
  region size 1024K, 1 young (1024K), 1 survivors (1024K)
 Metaspace       used 68959K, committed 69696K, reserved 1114112K
  class space    used 9313K, committed 9664K, reserved 1048576K
}

