# JRE version: OpenJDK Runtime Environment (22.0.2+9) (build 22.0.2+9-70)
# Java VM: OpenJDK 64-Bit Server VM (22.0.2+9-70, mixed mode, sharing, tiered, compressed oops, compressed class ptrs, g1 gc, windows-amd64)
GC Precious Log:
 CardTable entry size: 512
 Card Set container configuration: InlinePtr #cards 5 size 8 Array Of Cards #cards 12 size 40 Howl #buckets 4 coarsen threshold 1843 Howl Bitmap #cards 512 size 80 coarsen threshold 460 Card regions per heap region 1 cards per card region 2048
 CPUs: 4 total, 4 available
 Memory: 7926M
 Large Page Support: Disabled
 NUMA Support: Disabled
 Compressed Oops: Enabled (32-bit)
 Heap Region Size: 1M
 Heap Min Capacity: 8M
 Heap Initial Capacity: 124M
 Heap Max Capacity: 1982M
 Pre-touch: Disabled
 Parallel Workers: 4
 Concurrent Workers: 1
 Concurrent Refinement Workers: 4
 Periodic GC: Disabled
Heap:
 garbage-first heap   total reserved 2029568K, committed 58368K, used 44292K [0x0000000084200000, 0x0000000100000000)
  region size 1024K, 22 young (22528K), 4 survivors (4096K)
 Metaspace       used 67620K, committed 68352K, reserved 1114112K
  class space    used 9232K, committed 9536K, reserved 1048576K
GC Heap History (20 events):
Event: 3.562 GC heap before
{Heap before GC invocations=2 (full 0):
 garbage-first heap   total reserved 2029568K, committed 126976K, used 38568K [0x0000000084200000, 0x0000000100000000)
  region size 1024K, 33 young (33792K), 2 survivors (2048K)
 Metaspace       used 18056K, committed 18304K, reserved 1114112K
  class space    used 2205K, committed 2304K, reserved 1048576K
}
Event: 3.573 GC heap after
{Heap after GC invocations=3 (full 0):
 garbage-first heap   total reserved 2029568K, committed 126976K, used 10587K [0x0000000084200000, 0x0000000100000000)
  region size 1024K, 4 young (4096K), 4 survivors (4096K)
 Metaspace       used 18056K, committed 18304K, reserved 1114112K
  class space    used 2205K, committed 2304K, reserved 1048576K
}
Event: 4.898 GC heap before
{Heap before GC invocations=3 (full 0):
 garbage-first heap   total reserved 2029568K, committed 126976K, used 34139K [0x0000000084200000, 0x0000000100000000)
  region size 1024K, 29 young (29696K), 4 survivors (4096K)
 Metaspace       used 21189K, committed 21504K, reserved 1114112K
  class space    used 2566K, committed 2688K, reserved 1048576K
}
Event: 4.910 GC heap after
{Heap after GC invocations=4 (full 0):
 garbage-first heap   total reserved 2029568K, committed 126976K, used 13482K [0x0000000084200000, 0x0000000100000000)
  region size 1024K, 7 young (7168K), 7 survivors (7168K)
 Metaspace       used 21189K, committed 21504K, reserved 1114112K
  class space    used 2566K, committed 2688K, reserved 1048576K
}
Event: 6.057 GC heap before
{Heap before GC invocations=5 (full 0):
 garbage-first heap   total reserved 2029568K, committed 48128K, used 34986K [0x0000000084200000, 0x0000000100000000)
  region size 1024K, 28 young (28672K), 7 survivors (7168K)
 Metaspace       used 24723K, committed 25152K, reserved 1114112K
  class space    used 3080K, committed 3264K, reserved 1048576K
}
Event: 6.082 GC heap after
{Heap after GC invocations=6 (full 0):
 garbage-first heap   total reserved 2029568K, committed 48128K, used 15038K [0x0000000084200000, 0x0000000100000000)
  region size 1024K, 3 young (3072K), 3 survivors (3072K)
 Metaspace       used 24723K, committed 25152K, reserved 1114112K
  class space    used 3080K, committed 3264K, reserved 1048576K
}
Event: 7.274 GC heap before
{Heap before GC invocations=6 (full 0):
 garbage-first heap   total reserved 2029568K, committed 48128K, used 36542K [0x0000000084200000, 0x0000000100000000)
  region size 1024K, 24 young (24576K), 3 survivors (3072K)
 Metaspace       used 29439K, committed 29952K, reserved 1114112K
  class space    used 3733K, committed 3968K, reserved 1048576K
}
Event: 7.288 GC heap after
{Heap after GC invocations=7 (full 0):
 garbage-first heap   total reserved 2029568K, committed 48128K, used 16657K [0x0000000084200000, 0x0000000100000000)
  region size 1024K, 3 young (3072K), 3 survivors (3072K)
 Metaspace       used 29439K, committed 29952K, reserved 1114112K
  class space    used 3733K, committed 3968K, reserved 1048576K
}
Event: 8.467 GC heap before
{Heap before GC invocations=7 (full 0):
 garbage-first heap   total reserved 2029568K, committed 48128K, used 37137K [0x0000000084200000, 0x0000000100000000)
  region size 1024K, 24 young (24576K), 3 survivors (3072K)
 Metaspace       used 34635K, committed 35136K, reserved 1114112K
  class space    used 4500K, committed 4736K, reserved 1048576K
}
Event: 8.474 GC heap after
{Heap after GC invocations=8 (full 0):
 garbage-first heap   total reserved 2029568K, committed 58368K, used 18133K [0x0000000084200000, 0x0000000100000000)
  region size 1024K, 2 young (2048K), 2 survivors (2048K)
 Metaspace       used 34635K, committed 35136K, reserved 1114112K
  class space    used 4500K, committed 4736K, reserved 1048576K
}
Event: 8.712 GC heap before
{Heap before GC invocations=8 (full 0):
 garbage-first heap   total reserved 2029568K, committed 58368K, used 22229K [0x0000000084200000, 0x0000000100000000)
  region size 1024K, 7 young (7168K), 2 survivors (2048K)
 Metaspace       used 35615K, committed 36096K, reserved 1114112K
  class space    used 4693K, committed 4928K, reserved 1048576K
}
Event: 8.716 GC heap after
{Heap after GC invocations=9 (full 0):
 garbage-first heap   total reserved 2029568K, committed 58368K, used 18269K [0x0000000084200000, 0x0000000100000000)
  region size 1024K, 2 young (2048K), 2 survivors (2048K)
 Metaspace       used 35615K, committed 36096K, reserved 1114112K
  class space    used 4693K, committed 4928K, reserved 1048576K
}
Event: 10.971 GC heap before
{Heap before GC invocations=10 (full 0):
 garbage-first heap   total reserved 2029568K, committed 58368K, used 47965K [0x0000000084200000, 0x0000000100000000)
  region size 1024K, 32 young (32768K), 2 survivors (2048K)
 Metaspace       used 47212K, committed 47808K, reserved 1114112K
  class space    used 6202K, committed 6464K, reserved 1048576K
}
Event: 10.978 GC heap after
{Heap after GC invocations=11 (full 0):
 garbage-first heap   total reserved 2029568K, committed 58368K, used 21056K [0x0000000084200000, 0x0000000100000000)
  region size 1024K, 4 young (4096K), 4 survivors (4096K)
 Metaspace       used 47212K, committed 47808K, reserved 1114112K
  class space    used 6202K, committed 6464K, reserved 1048576K
}
Event: 12.703 GC heap before
{Heap before GC invocations=11 (full 0):
 garbage-first heap   total reserved 2029568K, committed 58368K, used 49728K [0x0000000084200000, 0x0000000100000000)
  region size 1024K, 32 young (32768K), 4 survivors (4096K)
 Metaspace       used 55663K, committed 56256K, reserved 1114112K
  class space    used 7503K, committed 7744K, reserved 1048576K
}
Event: 12.712 GC heap after
{Heap after GC invocations=12 (full 0):
 garbage-first heap   total reserved 2029568K, committed 58368K, used 23013K [0x0000000084200000, 0x0000000100000000)
  region size 1024K, 2 young (2048K), 2 survivors (2048K)
 Metaspace       used 55663K, committed 56256K, reserved 1114112K
  class space    used 7503K, committed 7744K, reserved 1048576K
}
Event: 13.947 GC heap before
{Heap before GC invocations=12 (full 0):
 garbage-first heap   total reserved 2029568K, committed 58368K, used 41445K [0x0000000084200000, 0x0000000100000000)
  region size 1024K, 21 young (21504K), 2 survivors (2048K)
 Metaspace       used 60149K, committed 60736K, reserved 1114112K
  class space    used 8126K, committed 8384K, reserved 1048576K
}
Event: 13.953 GC heap after
{Heap after GC invocations=13 (full 0):
 garbage-first heap   total reserved 2029568K, committed 58368K, used 24553K [0x0000000084200000, 0x0000000100000000)
  region size 1024K, 4 young (4096K), 4 survivors (4096K)
 Metaspace       used 60149K, committed 60736K, reserved 1114112K
  class space    used 8126K, committed 8384K, reserved 1048576K
}
Event: 15.125 GC heap before
{Heap before GC invocations=14 (full 0):
 garbage-first heap   total reserved 2029568K, committed 58368K, used 49129K [0x0000000084200000, 0x0000000100000000)
  region size 1024K, 28 young (28672K), 4 survivors (4096K)
 Metaspace       used 63931K, committed 64704K, reserved 1114112K
  class space    used 8738K, committed 9088K, reserved 1048576K
}
Event: 15.135 GC heap after
{Heap after GC invocations=15 (full 0):
 garbage-first heap   total reserved 2029568K, committed 58368K, used 26884K [0x0000000084200000, 0x0000000100000000)
  region size 1024K, 4 young (4096K), 4 survivors (4096K)
 Metaspace       used 63931K, committed 64704K, reserved 1114112K
  class space    used 8738K, committed 9088K, reserved 1048576K
}

